#
# There is insufficient memory for the Java Runtime Environment to continue.
# Native memory allocation (malloc) failed to allocate 466736 bytes for Chunk::new
# Possible reasons:
#   The system is out of physical RAM or swap space
#   In 32 bit mode, the process size limit was hit
# Possible solutions:
#   Reduce memory load on the system
#   Increase physical memory or swap space
#   Check if swap backing store is full
#   Use 64 bit Java on a 64 bit OS
#   Decrease Java heap size (-Xmx/-Xms)
#   Decrease number of Java threads
#   Decrease Java thread stack sizes (-Xss)
#   Set larger code cache with -XX:ReservedCodeCacheSize=
# This output file may be truncated or incomplete.
#
#  Out of Memory Error (allocation.cpp:390), pid=3604, tid=0x0000000000000e94
#
# JRE version: Java(TM) SE Runtime Environment (8.0_101-b13) (build 1.8.0_101-b13)
# Java VM: Java HotSpot(TM) 64-Bit Server VM (25.101-b13 mixed mode windows-amd64 compressed oops)
# Failed to write core dump. Minidumps are not enabled by default on client versions of Windows
#

---------------  T H R E A D  ---------------

Current thread (0x000000001929d800):  JavaThread "C2 CompilerThread1" daemon [_thread_in_native, id=3732, stack(0x0000000019b60000,0x0000000019c60000)]

Stack: [0x0000000019b60000,0x0000000019c60000]
[error occurred during error reporting (printing stack bounds), id 0xc0000005]

Native frames: (J=compiled Java code, j=interpreted, Vv=VM code, C=native code)


Current CompileTask:
C2:   3200  672       4       java.awt.datatransfer.MimeTypeParameterList::parse (451 bytes)


---------------  P R O C E S S  ---------------

Java Threads: ( => current thread )
  0x0000000002312800 JavaThread "DestroyJavaVM" [_thread_blocked, id=7580, stack(0x0000000002210000,0x0000000002310000)]
  0x000000001a5c3000 JavaThread "TimerQueue" daemon [_thread_blocked, id=11928, stack(0x000000001c530000,0x000000001c630000)]
  0x000000001a50c000 JavaThread "AWT-EventQueue-0" [_thread_blocked, id=4488, stack(0x000000001b850000,0x000000001b950000)]
  0x000000001a4de000 JavaThread "AWT-Windows" daemon [_thread_in_native, id=10376, stack(0x000000001af60000,0x000000001b060000)]
  0x000000001a4db000 JavaThread "AWT-Shutdown" [_thread_blocked, id=1728, stack(0x000000001ae60000,0x000000001af60000)]
  0x000000001a4da000 JavaThread "Java2D Disposer" daemon [_thread_blocked, id=8944, stack(0x000000001ad60000,0x000000001ae60000)]
  0x000000001933d000 JavaThread "Service Thread" daemon [_thread_blocked, id=10660, stack(0x0000000019e60000,0x0000000019f60000)]
  0x00000000192b6800 JavaThread "C1 CompilerThread3" daemon [_thread_blocked, id=8696, stack(0x0000000019d60000,0x0000000019e60000)]
  0x000000001929f800 JavaThread "C2 CompilerThread2" daemon [_thread_in_native, id=12024, stack(0x0000000019c60000,0x0000000019d60000)]
=>0x000000001929d800 JavaThread "C2 CompilerThread1" daemon [_thread_in_native, id=3732, stack(0x0000000019b60000,0x0000000019c60000)]
  0x000000001929a800 JavaThread "C2 CompilerThread0" daemon [_thread_in_native, id=5768, stack(0x0000000019a60000,0x0000000019b60000)]
  0x0000000019298800 JavaThread "Attach Listener" daemon [_thread_blocked, id=9920, stack(0x0000000019960000,0x0000000019a60000)]
  0x00000000173ae800 JavaThread "Signal Dispatcher" daemon [_thread_blocked, id=3020, stack(0x0000000019860000,0x0000000019960000)]
  0x0000000002409000 JavaThread "Finalizer" daemon [_thread_blocked, id=7072, stack(0x0000000019670000,0x0000000019770000)]
  0x000000001739d800 JavaThread "Reference Handler" daemon [_thread_blocked, id=9324, stack(0x0000000019170000,0x0000000019270000)]

Other Threads:
  0x0000000017399800 VMThread [stack: 0x0000000019070000,0x0000000019170000] [id=7092]
  0x0000000019360800 WatcherThread [stack: 0x0000000019f60000,0x000000001a060000] [id=7676]

VM state:not at safepoint (normal execution)

VM Mutex/Monitor currently owned by a thread: None

Heap:
 PSYoungGen      total 38400K, used 13557K [0x00000000d5e00000, 0x00000000d8880000, 0x0000000100000000)
  eden space 33280K, 40% used [0x00000000d5e00000,0x00000000d6b3d420,0x00000000d7e80000)
  from space 5120K, 0% used [0x00000000d8380000,0x00000000d8380000,0x00000000d8880000)
  to   space 5120K, 0% used [0x00000000d7e80000,0x00000000d7e80000,0x00000000d8380000)
 ParOldGen       total 87552K, used 0K [0x0000000081a00000, 0x0000000086f80000, 0x00000000d5e00000)
  object space 87552K, 0% used [0x0000000081a00000,0x0000000081a00000,0x0000000086f80000)
 Metaspace       used 10190K, capacity 10432K, committed 10624K, reserved 1058816K
  class space    used 1292K, capacity 1382K, committed 1408K, reserved 1048576K

Card table byte_map: [0x00000000117d0000,0x0000000011bd0000] byte_map_base: 0x00000000113c3000

Marking Bits: (ParMarkBitMap*) 0x0000000070efa6d0
 Begin Bits: [0x0000000012680000, 0x0000000014618000)
 End Bits:   [0x0000000014618000, 0x00000000165b0000)

Polling page: 0x00000000020f0000

CodeCache: size=245760Kb used=2762Kb max_used=2773Kb free=242997Kb
 bounds [0x0000000002410000, 0x00000000026d0000, 0x0000000011410000]
 total_blobs=1175 nmethods=709 adapters=379
 compilation: enabled

Compilation events (10 events):
Event: 3.194 Thread 0x00000000192b6800  705       3       java.awt.datatransfer.DataFlavor::isFlavorTextType (20 bytes)
Event: 3.194 Thread 0x00000000192b6800 nmethod 705 0x00000000026b17d0 code [0x00000000026b1940, 0x00000000026b1b98]
Event: 3.194 Thread 0x00000000192b6800  708       3       sun.awt.datatransfer.DataTransferer$IndexedComparator::compareIndices (48 bytes)
Event: 3.194 Thread 0x00000000192b6800 nmethod 708 0x00000000026b7c10 code [0x00000000026b7dc0, 0x00000000026b84f8]
Event: 3.194 Thread 0x00000000192b6800  709       3       java.lang.Integer::compareTo (12 bytes)
Event: 3.194 Thread 0x00000000192b6800 nmethod 709 0x00000000026b7750 code [0x00000000026b78c0, 0x00000000026b7b30]
Event: 3.194 Thread 0x00000000192b6800  710       3       java.lang.Integer::compare (20 bytes)
Event: 3.194 Thread 0x00000000192b6800 nmethod 710 0x00000000026b7390 code [0x00000000026b7500, 0x00000000026b76f0]
Event: 3.195 Thread 0x00000000192b6800  711       3       java.nio.Buffer::limit (62 bytes)
Event: 3.195 Thread 0x00000000192b6800 nmethod 711 0x00000000026b6e50 code [0x00000000026b6fc0, 0x00000000026b72c8]

GC Heap History (0 events):
No events

Deoptimization events (5 events):
Event: 0.262 Thread 0x0000000002312800 Uncommon trap: reason=null_check action=make_not_entrant pc=0x00000000025826dc method=java.lang.String.equals(Ljava/lang/Object;)Z @ 8
Event: 3.189 Thread 0x000000001a50c000 Uncommon trap: reason=unstable_if action=reinterpret pc=0x00000000026935a8 method=java.lang.CharacterDataLatin1.isWhitespace(I)Z @ 14
Event: 3.191 Thread 0x000000001a50c000 Uncommon trap: reason=unstable_if action=reinterpret pc=0x0000000002678278 method=java.util.HashMap.getNode(ILjava/lang/Object;)Ljava/util/HashMap$Node; @ 129
Event: 3.199 Thread 0x000000001a50c000 Uncommon trap: reason=class_check action=maybe_recompile pc=0x00000000025945a8 method=java.lang.String.equals(Ljava/lang/Object;)Z @ 8
Event: 3.199 Thread 0x000000001a50c000 Uncommon trap: reason=class_check action=maybe_recompile pc=0x00000000025945a8 method=java.lang.String.equals(Ljava/lang/Object;)Z @ 8

Internal exceptions (10 events):
Event: 0.037 Thread 0x0000000002312800 Exception <a 'java/lang/NoSuchMethodError': Method sun.misc.Unsafe.prefetchRead(Ljava/lang/Object;J)V name or signature does not match> (0x00000000d5e07fa8) thrown at [C:\re\workspace\8-2-build-windows-amd64-cygwin\jdk8u101\7261\hotspot\src\share\vm\prims\'åÄI4Â?
Event: 0.142 Thread 0x0000000002312800 Exception <a 'java/security/PrivilegedActionException'> (0x00000000d5e85c68) thrown at [C:\re\workspace\8-2-build-windows-amd64-cygwin\jdk8u101\7261\hotspot\src\share\vm\prims\jvm.cpp, line 1386]
Event: 0.142 Thread 0x0000000002312800 Exception <a 'java/security/PrivilegedActionException'> (0x00000000d5e85e78) thrown at [C:\re\workspace\8-2-build-windows-amd64-cygwin\jdk8u101\7261\hotspot\src\share\vm\prims\jvm.cpp, line 1386]
Event: 0.143 Thread 0x0000000002312800 Exception <a 'java/security/PrivilegedActionException'> (0x00000000d5e89900) thrown at [C:\re\workspace\8-2-build-windows-amd64-cygwin\jdk8u101\7261\hotspot\src\share\vm\prims\jvm.cpp, line 1386]
Event: 0.143 Thread 0x0000000002312800 Exception <a 'java/security/PrivilegedActionException'> (0x00000000d5e89b10) thrown at [C:\re\workspace\8-2-build-windows-amd64-cygwin\jdk8u101\7261\hotspot\src\share\vm\prims\jvm.cpp, line 1386]
Event: 0.174 Thread 0x0000000002312800 Exception <a 'java/io/FileNotFoundException'> (0x00000000d5e8bf58) thrown at [C:\re\workspace\8-2-build-windows-amd64-cygwin\jdk8u101\7261\hotspot\src\share\vm\prims\jni.cpp, line 709]
Event: 0.200 Thread 0x0000000002312800 Exception <a 'java/lang/NoSuchFieldError': method resolution failed> (0x00000000d5fffd30) thrown at [C:\re\workspace\8-2-build-windows-amd64-cygwin\jdk8u101\7261\hotspot\src\share\vm\prims\methodHandles.cpp, line 1146]
Event: 0.202 Thread 0x0000000002312800 Exception <a 'java/lang/NoSuchFieldError': method resolution failed> (0x00000000d600d100) thrown at [C:\re\workspace\8-2-build-windows-amd64-cygwin\jdk8u101\7261\hotspot\src\share\vm\prims\methodHandles.cpp, line 1146]
Event: 0.228 Thread 0x0000000002312800 Exception <a 'java/io/FileNotFoundException'> (0x00000000d60a2180) thrown at [C:\re\workspace\8-2-build-windows-amd64-cygwin\jdk8u101\7261\hotspot\src\share\vm\prims\jni.cpp, line 709]
Event: 0.261 Thread 0x0000000002312800 Implicit null exception at 0x000000000258251b to 0x00000000025826cd

Events (10 events):
Event: 3.199 loading class javax/swing/event/UndoableEditEvent
Event: 3.199 loading class javax/swing/event/UndoableEditEvent done
Event: 3.199 loading class javax/swing/event/UndoableEditListener
Event: 3.199 loading class javax/swing/event/UndoableEditListener done
Event: 3.199 Thread 0x000000001a50c000 Uncommon trap: trap_request=0xffffffde fr.pc=0x00000000025945a8
Event: 3.199 Thread 0x000000001a50c000 DEOPT PACKING pc=0x00000000025945a8 sp=0x000000001b94c9f0
Event: 3.199 Thread 0x000000001a50c000 DEOPT UNPACKING pc=0x000000000245582a sp=0x000000001b94c980 mode 2
Event: 3.199 Thread 0x000000001a50c000 Uncommon trap: trap_request=0xffffffde fr.pc=0x00000000025945a8
Event: 3.199 Thread 0x000000001a50c000 DEOPT PACKING pc=0x00000000025945a8 sp=0x000000001b94c9f0
Event: 3.199 Thread 0x000000001a50c000 DEOPT UNPACKING pc=0x000000000245582a sp=0x000000001b94c980 mode 2


Dynamic libraries:
0x00007ff6bd820000 - 0x00007ff6bd857000 	D:\Program Files D\Java\jdk\bin\javaw.exe
0x00007ffb15d60000 - 0x00007ffb15f31000 	C:\WINDOWS\SYSTEM32\ntdll.dll
0x00007ffb138d0000 - 0x00007ffb1397b000 	C:\WINDOWS\System32\KERNEL32.DLL
0x00007ffb12ee0000 - 0x00007ffb130fd000 	C:\WINDOWS\System32\KERNELBASE.dll
0x0000000070f80000 - 0x000000007102e000 	D:\Program Files D\Bitdefender\Bitdefender 2016\Active Virus Control\Avc3_00388_053\avcuf64.dll
0x00007ffb15c50000 - 0x00007ffb15cf2000 	C:\WINDOWS\System32\ADVAPI32.dll
0x00007ffb15a80000 - 0x00007ffb15b1e000 	C:\WINDOWS\System32\msvcrt.dll
0x00007ffb132f0000 - 0x00007ffb13349000 	C:\WINDOWS\System32\sechost.dll
0x00007ffb156e0000 - 0x00007ffb15801000 	C:\WINDOWS\System32\RPCRT4.dll
0x00007ffb15870000 - 0x00007ffb159d5000 	C:\WINDOWS\System32\USER32.dll
0x00007ffb125e0000 - 0x00007ffb125fe000 	C:\WINDOWS\System32\win32u.dll
0x00007ffb13d00000 - 0x00007ffb13d34000 	C:\WINDOWS\System32\GDI32.dll
0x00007ffb12600000 - 0x00007ffb12782000 	C:\WINDOWS\System32\gdi32full.dll
0x00007ffb07e20000 - 0x00007ffb08099000 	C:\WINDOWS\WinSxS\amd64_microsoft.windows.common-controls_6595b64144ccf1df_6.0.14393.447_none_42191651c6827bb3\COMCTL32.dll
0x00007ffb134f0000 - 0x00007ffb137b8000 	C:\WINDOWS\System32\combase.dll
0x00007ffb13100000 - 0x00007ffb131f5000 	C:\WINDOWS\System32\ucrtbase.dll
0x00007ffb12790000 - 0x00007ffb127fa000 	C:\WINDOWS\System32\bcryptPrimitives.dll
0x00007ffb15840000 - 0x00007ffb1586e000 	C:\WINDOWS\System32\IMM32.DLL
0x0000000070550000 - 0x0000000070622000 	D:\Program Files D\Java\jdk\bin\msvcr100.dll
0x00000000706e0000 - 0x0000000070f7a000 	D:\Program Files D\Java\jdk\bin\server\jvm.dll
0x00007ffb15b80000 - 0x00007ffb15b88000 	C:\WINDOWS\System32\PSAPI.DLL
0x00007ffafaa80000 - 0x00007ffafaa89000 	C:\WINDOWS\SYSTEM32\WSOCK32.dll
0x00007ffb13c90000 - 0x00007ffb13cfa000 	C:\WINDOWS\System32\WS2_32.dll
0x00007ffb10120000 - 0x00007ffb10143000 	C:\WINDOWS\SYSTEM32\WINMM.dll
0x00007ffb0a270000 - 0x00007ffb0a27a000 	C:\WINDOWS\SYSTEM32\VERSION.dll
0x00007ffb0ff60000 - 0x00007ffb0ff8b000 	C:\WINDOWS\SYSTEM32\WINMMBASE.dll
0x00007ffb13200000 - 0x00007ffb13242000 	C:\WINDOWS\System32\cfgmgr32.dll
0x00000000020b0000 - 0x00000000020bf000 	D:\Program Files D\Java\jdk\bin\verify.dll
0x00000000020c0000 - 0x00000000020e9000 	D:\Program Files D\Java\jdk\bin\java.dll
0x00000000706c0000 - 0x00000000706d6000 	D:\Program Files D\Java\jdk\bin\zip.dll
0x00007ffb13d40000 - 0x00007ffb15249000 	C:\WINDOWS\System32\SHELL32.dll
0x00007ffb12800000 - 0x00007ffb12eda000 	C:\WINDOWS\System32\windows.storage.dll
0x00007ffb121e0000 - 0x00007ffb1222c000 	C:\WINDOWS\System32\powrprof.dll
0x00007ffb15d00000 - 0x00007ffb15d52000 	C:\WINDOWS\System32\shlwapi.dll
0x00007ffb121c0000 - 0x00007ffb121cf000 	C:\WINDOWS\System32\kernel.appcore.dll
0x00007ffb12480000 - 0x00007ffb12529000 	C:\WINDOWS\System32\shcore.dll
0x00007ffb12230000 - 0x00007ffb12244000 	C:\WINDOWS\System32\profapi.dll
0x00000000703b0000 - 0x0000000070548000 	D:\Program Files D\Java\jdk\bin\awt.dll
0x00007ffb15b90000 - 0x00007ffb15c4f000 	C:\WINDOWS\System32\OLEAUT32.dll
0x00007ffb13250000 - 0x00007ffb132ec000 	C:\WINDOWS\System32\msvcp_win.dll
0x00007ffb10600000 - 0x00007ffb1067a000 	C:\WINDOWS\SYSTEM32\apphelp.dll
0x00007ffb0fc60000 - 0x00007ffb0fc86000 	C:\WINDOWS\system32\DWMAPI.DLL
0x00007ffb10850000 - 0x00007ffb108e5000 	C:\WINDOWS\system32\uxtheme.dll
0x00007ffb13b30000 - 0x00007ffb13c8b000 	C:\WINDOWS\System32\MSCTF.dll
0x00007ffb13980000 - 0x00007ffb13ab7000 	C:\WINDOWS\System32\ole32.dll
0x0000000070360000 - 0x00000000703a7000 	D:\Program Files D\Java\jdk\bin\fontmanager.dll
0x00007ffb159e0000 - 0x00007ffb15a7f000 	C:\WINDOWS\System32\clbcatq.dll
0x00007ffb0e6b0000 - 0x00007ffb0e858000 	C:\WINDOWS\SYSTEM32\WindowsCodecs.dll
0x00007ffafc390000 - 0x00007ffafc3d9000 	C:\WINDOWS\system32\dataexchange.dll
0x00007ffb0ea90000 - 0x00007ffb0ed46000 	C:\WINDOWS\system32\d3d11.dll
0x00007ffb0ffc0000 - 0x00007ffb10111000 	C:\WINDOWS\system32\dcomp.dll
0x00007ffb11150000 - 0x00007ffb111ef000 	C:\WINDOWS\system32\dxgi.dll
0x00007ffb10c10000 - 0x00007ffb10d2c000 	C:\WINDOWS\system32\twinapi.appcore.dll
0x00007ffb11da0000 - 0x00007ffb11dcb000 	C:\WINDOWS\system32\bcrypt.dll
0x00000000706a0000 - 0x00000000706ba000 	D:\Program Files D\Java\jdk\bin\net.dll
0x00007ffb11af0000 - 0x00007ffb11b4c000 	C:\WINDOWS\system32\mswsock.dll
0x0000000070680000 - 0x0000000070691000 	D:\Program Files D\Java\jdk\bin\nio.dll
0x0000000070310000 - 0x0000000070352000 	D:\Program Files D\Java\jdk\bin\t2k.dll

VM Arguments:
jvm_args: -Dfile.encoding=Cp1252 
java_command: ClasaPrincipala
java_class_path (initial): D:\eclipse 64\1.WORKSPACE\TP_Tema_1_Polinoame\bin
Launcher Type: SUN_STANDARD

Environment Variables:
PATH=D:/Program Files D/Java/jdk/bin/server;D:/Program Files D/Java/jdk/bin;D:/Program Files D/Java/jdk/lib/amd64;D:\app\DanB\product\12.1.0\dbhome_1\bin;D:\Program Files D\SynaptiCAD\bin\win32;C:\ProgramData\Oracle\Java\javapath;C:\Program Files (x86)\Intel\iCLS Client\;C:\Program Files\Intel\iCLS Client\;C:\Windows\system32;C:\Windows;C:\Windows\System32\Wbem;C:\Windows\System32\WindowsPowerShell\v1.0\;C:\Program Files\Intel\Intel(R) Management Engine Components\DAL;C:\Program Files\Intel\Intel(R) Management Engine Components\IPT;C:\Program Files (x86)\Intel\Intel(R) Management Engine Components\DAL;C:\Program Files (x86)\Intel\Intel(R) Management Engine Components\IPT;C:\Program Files (x86)\NVIDIA Corporation\PhysX\Common;D:\Program Files D\Skype\Phone\;D:\Program Files D\ACTIVE HDL\bin;C:\WINDOWS\system32;C:\WINDOWS;C:\WINDOWS\System32\Wbem;C:\WINDOWS\System32\WindowsPowerShell\v1.0\;D:\Program Files D\SynaptiCAD\bin;D:\Program Files D\MathLab\runtime\win64;D:\Program Files D\MathLab\bin;C:\Program Files\Microsoft SQL Server\120\Tools\Binn\;C:\Program Files\Microsoft SQL Server\130\Tools\Binn\;C:\WINDOWS\system32\config\systemprofile\.dnx\bin;C:\Program Files\Microsoft DNX\Dnvm\;C:\Program Files (x86)\Windows Kits\8.1\Windows Performance Toolkit\;C:\Program Files\Git\cmd;C:\Users\DanB\AppData\Local\Microsoft\WindowsApps;;D:\eclipse 64\eclipse;
USERNAME=DanB
OS=Windows_NT
PROCESSOR_IDENTIFIER=Intel64 Family 6 Model 60 Stepping 3, GenuineIntel



---------------  S Y S T E M  ---------------

OS: Windows 10.0 , 64 bit Build 14393 (10.0.14393.0)

CPU:total 8 (4 cores per cpu, 2 threads per core) family 6 model 60 stepping 3, cmov, cx8, fxsr, mmx, sse, sse2, sse3, ssse3, sse4.1, sse4.2, popcnt, avx, avx2, aes, clmul, erms, lzcnt, ht, tsc, tscinvbit, bmi1, bmi2

Memory: 4k page, physical 8274824k(2535896k free), swap 8274824k(5180k free)

vm_info: Java HotSpot(TM) 64-Bit Server VM (25.101-b13) for windows-amd64 JRE (1.8.0_101-b13), built on Jun 22 2016 01:21:29 by "java_re" with MS VC++ 10.0 (VS2010)

time: Sat Mar 11 20:58:15 2017
elapsed time: 3 seconds (0d 0h 0m 3s)

