#
# There is insufficient memory for the Java Runtime Environment to continue.
# Native memory allocation (malloc) failed to allocate 1048576 bytes for AllocateHeap
# Possible reasons:
#   The system is out of physical RAM or swap space
#   In 32 bit mode, the process size limit was hit
# Possible solutions:
#   Reduce memory load on the system
#   Increase physical memory or swap space
#   Check if swap backing store is full
#   Use 64 bit Java on a 64 bit OS
#   Decrease Java heap size (-Xmx/-Xms)
#   Decrease number of Java threads
#   Decrease Java thread stack sizes (-Xss)
#   Set larger code cache with -XX:ReservedCodeCacheSize=
# This output file may be truncated or incomplete.
#
#  Out of Memory Error (memory/allocation.inline.hpp:61), pid=12836, tid=0x000000000000323c
#
# JRE version:  (8.0_101-b13) (build )
# Java VM: Java HotSpot(TM) 64-Bit Server VM (25.101-b13 mixed mode windows-amd64 compressed oops)
# Failed to write core dump. Minidumps are not enabled by default on client versions of Windows
#

---------------  T H R E A D  ---------------

Current thread (0x0000000002202800):  JavaThread "Unknown thread" [_thread_in_vm, id=12860, stack(0x0000000002100000,0x0000000002200000)]

Stack: [0x0000000002100000,0x0000000002200000]
[error occurred during error reporting (printing stack bounds), id 0xc0000005]

Native frames: (J=compiled Java code, j=interpreted, Vv=VM code, C=native code)


---------------  P R O C E S S  ---------------

Java Threads: ( => current thread )

Other Threads:

=>0x0000000002202800 (exited) JavaThread "Unknown thread" [_thread_in_vm, id=12860, stack(0x0000000002100000,0x0000000002200000)]

VM state:not at safepoint (normal execution)

VM Mutex/Monitor currently owned by a thread: None

Heap:
 PSYoungGen      total 38400K, used 665K [0x00000000d5e00000, 0x00000000d8880000, 0x0000000100000000)
  eden space 33280K, 2% used [0x00000000d5e00000,0x00000000d5ea6670,0x00000000d7e80000)
  from space 5120K, 0% used [0x00000000d8380000,0x00000000d8380000,0x00000000d8880000)
  to   space 5120K, 0% used [0x00000000d7e80000,0x00000000d7e80000,0x00000000d8380000)
 ParOldGen       total 87552K, used 0K [0x0000000081a00000, 0x0000000086f80000, 0x00000000d5e00000)
  object space 87552K, 0% used [0x0000000081a00000,0x0000000081a00000,0x0000000086f80000)
 Metaspace       used 746K, capacity 4480K, committed 4480K, reserved 1056768K
  class space    used 75K, capacity 384K, committed 384K, reserved 1048576K

Card table byte_map: [0x00000000116c0000,0x0000000011ac0000] byte_map_base: 0x00000000112b3000

Marking Bits: (ParMarkBitMap*) 0x000000006b66a6d0
 Begin Bits: [0x0000000012570000, 0x0000000014508000)
 End Bits:   [0x0000000014508000, 0x00000000164a0000)

Polling page: 0x0000000000920000

CodeCache: size=245760Kb used=328Kb max_used=328Kb free=245431Kb
 bounds [0x0000000002300000, 0x0000000002570000, 0x0000000011300000]
 total_blobs=58 nmethods=0 adapters=38
 compilation: enabled

Compilation events (0 events):
No events

GC Heap History (0 events):
No events

Deoptimization events (0 events):
No events

Internal exceptions (0 events):
No events

Events (10 events):
Event: 0.025 loading class java/lang/Short
Event: 0.025 loading class java/lang/Short done
Event: 0.025 loading class java/lang/Integer
Event: 0.025 loading class java/lang/Integer done
Event: 0.025 loading class java/lang/Long
Event: 0.025 loading class java/lang/Long done
Event: 0.025 loading class java/lang/NullPointerException
Event: 0.025 loading class java/lang/NullPointerException done
Event: 0.025 loading class java/lang/ArithmeticException
Event: 0.025 loading class java/lang/ArithmeticException done


Dynamic libraries:
0x00007ff6a3860000 - 0x00007ff6a3897000 	D:\Program Files D\Java\jdk\bin\javaw.exe
0x00007ffde1d40000 - 0x00007ffde1f11000 	C:\WINDOWS\SYSTEM32\ntdll.dll
0x00007ffde19c0000 - 0x00007ffde1a6b000 	C:\WINDOWS\System32\KERNEL32.DLL
0x00007ffdde800000 - 0x00007ffddea1d000 	C:\WINDOWS\System32\KERNELBASE.dll
0x000000006c3c0000 - 0x000000006c46e000 	D:\Program Files D\Bitdefender\Bitdefender 2016\Active Virus Control\Avc3_00388_053\avcuf64.dll
0x00007ffde1170000 - 0x00007ffde1212000 	C:\WINDOWS\System32\ADVAPI32.dll
0x00007ffddf2d0000 - 0x00007ffddf36e000 	C:\WINDOWS\System32\msvcrt.dll
0x00007ffde0d70000 - 0x00007ffde0dc9000 	C:\WINDOWS\System32\sechost.dll
0x00007ffde1400000 - 0x00007ffde1521000 	C:\WINDOWS\System32\RPCRT4.dll
0x00007ffde1290000 - 0x00007ffde13f5000 	C:\WINDOWS\System32\USER32.dll
0x00007ffdde5f0000 - 0x00007ffdde60e000 	C:\WINDOWS\System32\win32u.dll
0x00007ffde0fd0000 - 0x00007ffde1004000 	C:\WINDOWS\System32\GDI32.dll
0x00007ffdde610000 - 0x00007ffdde792000 	C:\WINDOWS\System32\gdi32full.dll
0x00007ffdd3d40000 - 0x00007ffdd3fb9000 	C:\WINDOWS\WinSxS\amd64_microsoft.windows.common-controls_6595b64144ccf1df_6.0.14393.447_none_42191651c6827bb3\COMCTL32.dll
0x00007ffde09c0000 - 0x00007ffde0c88000 	C:\WINDOWS\System32\combase.dll
0x00007ffdde4f0000 - 0x00007ffdde5e5000 	C:\WINDOWS\System32\ucrtbase.dll
0x00007ffddead0000 - 0x00007ffddeb3a000 	C:\WINDOWS\System32\bcryptPrimitives.dll
0x00007ffde1d10000 - 0x00007ffde1d3e000 	C:\WINDOWS\System32\IMM32.DLL
0x000000006bf30000 - 0x000000006c002000 	D:\Program Files D\Java\jdk\bin\msvcr100.dll
0x000000006ae50000 - 0x000000006b6ea000 	D:\Program Files D\Java\jdk\bin\server\jvm.dll
0x00007ffde0d60000 - 0x00007ffde0d68000 	C:\WINDOWS\System32\PSAPI.DLL
0x00007ffdca7f0000 - 0x00007ffdca7f9000 	C:\WINDOWS\SYSTEM32\WSOCK32.dll
0x00007ffde1220000 - 0x00007ffde128a000 	C:\WINDOWS\System32\WS2_32.dll
0x00007ffddc4d0000 - 0x00007ffddc4f3000 	C:\WINDOWS\SYSTEM32\WINMM.dll
0x00007ffdd62f0000 - 0x00007ffdd62fa000 	C:\WINDOWS\SYSTEM32\VERSION.dll
0x00007ffddc490000 - 0x00007ffddc4bb000 	C:\WINDOWS\SYSTEM32\WINMMBASE.dll
0x00007ffdde230000 - 0x00007ffdde272000 	C:\WINDOWS\System32\cfgmgr32.dll
0x000000006c3b0000 - 0x000000006c3bf000 	D:\Program Files D\Java\jdk\bin\verify.dll
0x000000006c380000 - 0x000000006c3a9000 	D:\Program Files D\Java\jdk\bin\java.dll
0x000000006c360000 - 0x000000006c376000 	D:\Program Files D\Java\jdk\bin\zip.dll

VM Arguments:
jvm_args: -Dfile.encoding=Cp1252 
java_command: ClasaPrincipala
java_class_path (initial): D:\eclipse 64\1.WORKSPACE\TP_Tema_1_Polinoame\bin
Launcher Type: SUN_STANDARD

Environment Variables:
PATH=D:/Program Files D/Java/jdk/bin/server;D:/Program Files D/Java/jdk/bin;D:/Program Files D/Java/jdk/lib/amd64;D:\app\DanB\product\12.1.0\dbhome_1\bin;D:\Program Files D\SynaptiCAD\bin\win32;C:\ProgramData\Oracle\Java\javapath;C:\Program Files (x86)\Intel\iCLS Client\;C:\Program Files\Intel\iCLS Client\;C:\Windows\system32;C:\Windows;C:\Windows\System32\Wbem;C:\Windows\System32\WindowsPowerShell\v1.0\;C:\Program Files\Intel\Intel(R) Management Engine Components\DAL;C:\Program Files\Intel\Intel(R) Management Engine Components\IPT;C:\Program Files (x86)\Intel\Intel(R) Management Engine Components\DAL;C:\Program Files (x86)\Intel\Intel(R) Management Engine Components\IPT;C:\Program Files (x86)\NVIDIA Corporation\PhysX\Common;D:\Program Files D\Skype\Phone\;D:\Program Files D\ACTIVE HDL\bin;C:\WINDOWS\system32;C:\WINDOWS;C:\WINDOWS\System32\Wbem;C:\WINDOWS\System32\WindowsPowerShell\v1.0\;D:\Program Files D\SynaptiCAD\bin;D:\Program Files D\MathLab\runtime\win64;D:\Program Files D\MathLab\bin;C:\Program Files\Microsoft SQL Server\120\Tools\Binn\;C:\Program Files\Microsoft SQL Server\130\Tools\Binn\;C:\WINDOWS\system32\config\systemprofile\.dnx\bin;C:\Program Files\Microsoft DNX\Dnvm\;C:\Program Files (x86)\Windows Kits\8.1\Windows Performance Toolkit\;C:\Program Files\Git\cmd;C:\Users\DanB\AppData\Local\Microsoft\WindowsApps;;D:\eclipse 64\eclipse;
USERNAME=DanB
OS=Windows_NT
PROCESSOR_IDENTIFIER=Intel64 Family 6 Model 60 Stepping 3, GenuineIntel



---------------  S Y S T E M  ---------------

OS: Windows 10.0 , 64 bit Build 14393 (10.0.14393.0)

CPU:total 8 (4 cores per cpu, 2 threads per core) family 6 model 60 stepping 3, cmov, cx8, fxsr, mmx, sse, sse2, sse3, ssse3, sse4.1, sse4.2, popcnt, avx, avx2, aes, clmul, erms, lzcnt, ht, tsc, tscinvbit, bmi1, bmi2

Memory: 4k page, physical 8274824k(2679860k free), swap 8274824k(5432k free)

vm_info: Java HotSpot(TM) 64-Bit Server VM (25.101-b13) for windows-amd64 JRE (1.8.0_101-b13), built on Jun 22 2016 01:21:29 by "java_re" with MS VC++ 10.0 (VS2010)

time: Tue Mar 07 18:38:34 2017
elapsed time: 0 seconds (0d 0h 0m 0s)

