#
# There is insufficient memory for the Java Runtime Environment to continue.
# Native memory allocation (malloc) failed to allocate 32744 bytes for ChunkPool::allocate
# Possible reasons:
#   The system is out of physical RAM or swap space
#   In 32 bit mode, the process size limit was hit
# Possible solutions:
#   Reduce memory load on the system
#   Increase physical memory or swap space
#   Check if swap backing store is full
#   Use 64 bit Java on a 64 bit OS
#   Decrease Java heap size (-Xmx/-Xms)
#   Decrease number of Java threads
#   Decrease Java thread stack sizes (-Xss)
#   Set larger code cache with -XX:ReservedCodeCacheSize=
# This output file may be truncated or incomplete.
#
#  Out of Memory Error (allocation.cpp:273), pid=7588, tid=0x0000000000001e68
#
# JRE version: Java(TM) SE Runtime Environment (8.0_101-b13) (build 1.8.0_101-b13)
# Java VM: Java HotSpot(TM) 64-Bit Server VM (25.101-b13 mixed mode windows-amd64 compressed oops)
# Failed to write core dump. Minidumps are not enabled by default on client versions of Windows
#

---------------  T H R E A D  ---------------

Current thread (0x0000000019d8d000):  JavaThread "C2 CompilerThread0" daemon [_thread_in_native, id=7784, stack(0x000000001a550000,0x000000001a650000)]

Stack: [0x000000001a550000,0x000000001a650000]
[error occurred during error reporting (printing stack bounds), id 0xc0000005]

Native frames: (J=compiled Java code, j=interpreted, Vv=VM code, C=native code)


Current CompileTask:
C2:   3430  570       4       java.util.HashMap::put (13 bytes)


---------------  P R O C E S S  ---------------

Java Threads: ( => current thread )
  0x0000000002e12800 JavaThread "DestroyJavaVM" [_thread_blocked, id=8628, stack(0x0000000002d10000,0x0000000002e10000)]
  0x000000001ad91800 JavaThread "TimerQueue" daemon [_thread_blocked, id=7076, stack(0x000000001cd40000,0x000000001ce40000)]
  0x000000001ace5800 JavaThread "AWT-EventQueue-0" [_thread_blocked, id=9456, stack(0x000000001c060000,0x000000001c160000)]
  0x000000001a154800 JavaThread "AWT-Windows" daemon [_thread_in_native, id=13268, stack(0x000000001b6b0000,0x000000001b7b0000)]
  0x000000001a151800 JavaThread "AWT-Shutdown" [_thread_blocked, id=6960, stack(0x000000001b5b0000,0x000000001b6b0000)]
  0x000000001a151000 JavaThread "Java2D Disposer" daemon [_thread_blocked, id=10048, stack(0x000000001b480000,0x000000001b580000)]
  0x0000000019e1a800 JavaThread "Service Thread" daemon [_thread_blocked, id=8880, stack(0x000000001a950000,0x000000001aa50000)]
  0x0000000019d9b800 JavaThread "C1 CompilerThread3" daemon [_thread_blocked, id=10672, stack(0x000000001a850000,0x000000001a950000)]
  0x0000000019d91000 JavaThread "C2 CompilerThread2" daemon [_thread_in_native, id=5624, stack(0x000000001a750000,0x000000001a850000)]
  0x0000000019d90000 JavaThread "C2 CompilerThread1" daemon [_thread_blocked, id=8556, stack(0x000000001a650000,0x000000001a750000)]
=>0x0000000019d8d000 JavaThread "C2 CompilerThread0" daemon [_thread_in_native, id=7784, stack(0x000000001a550000,0x000000001a650000)]
  0x0000000019d87800 JavaThread "Attach Listener" daemon [_thread_blocked, id=6760, stack(0x000000001a450000,0x000000001a550000)]
  0x0000000019d86000 JavaThread "Signal Dispatcher" daemon [_thread_blocked, id=7264, stack(0x000000001a350000,0x000000001a450000)]
  0x0000000002f0e000 JavaThread "Finalizer" daemon [_thread_blocked, id=8644, stack(0x000000001a160000,0x000000001a260000)]
  0x0000000002f05000 JavaThread "Reference Handler" daemon [_thread_blocked, id=4604, stack(0x0000000019c60000,0x0000000019d60000)]

Other Threads:
  0x0000000017e9a000 VMThread [stack: 0x0000000019b60000,0x0000000019c60000] [id=12712]
  0x0000000019e5d800 WatcherThread [stack: 0x000000001aa50000,0x000000001ab50000] [id=12252]

VM state:not at safepoint (normal execution)

VM Mutex/Monitor currently owned by a thread: None

Heap:
 PSYoungGen      total 38400K, used 10652K [0x00000000d5e00000, 0x00000000d8880000, 0x0000000100000000)
  eden space 33280K, 32% used [0x00000000d5e00000,0x00000000d68673c8,0x00000000d7e80000)
  from space 5120K, 0% used [0x00000000d8380000,0x00000000d8380000,0x00000000d8880000)
  to   space 5120K, 0% used [0x00000000d7e80000,0x00000000d7e80000,0x00000000d8380000)
 ParOldGen       total 87552K, used 0K [0x0000000081a00000, 0x0000000086f80000, 0x00000000d5e00000)
  object space 87552K, 0% used [0x0000000081a00000,0x0000000081a00000,0x0000000086f80000)
 Metaspace       used 10011K, capacity 10234K, committed 10368K, reserved 1058816K
  class space    used 1289K, capacity 1381K, committed 1408K, reserved 1048576K

Card table byte_map: [0x00000000122d0000,0x00000000126d0000] byte_map_base: 0x0000000011ec3000

Marking Bits: (ParMarkBitMap*) 0x000000006d9ca6d0
 Begin Bits: [0x0000000013180000, 0x0000000015118000)
 End Bits:   [0x0000000015118000, 0x00000000170b0000)

Polling page: 0x00000000014b0000

CodeCache: size=245760Kb used=2307Kb max_used=2318Kb free=243452Kb
 bounds [0x0000000002f10000, 0x0000000003180000, 0x0000000011f10000]
 total_blobs=1058 nmethods=592 adapters=379
 compilation: enabled

Compilation events (10 events):
Event: 3.373 Thread 0x0000000019d9b800 nmethod 592 0x000000000314f790 code [0x000000000314f920, 0x000000000314fd28]
Event: 3.373 Thread 0x0000000019d9b800  593       3       java.util.IdentityHashMap::get (60 bytes)
Event: 3.373 Thread 0x0000000019d9b800 nmethod 593 0x000000000314ef10 code [0x000000000314f0c0, 0x000000000314f568]
Event: 3.373 Thread 0x0000000019d9b800  594       3       javax.swing.JComponent::getFlag (20 bytes)
Event: 3.373 Thread 0x0000000019d9b800 nmethod 594 0x000000000314eb90 code [0x000000000314ece0, 0x000000000314eeb0]
Event: 3.375 Thread 0x0000000019d90000 nmethod 578 0x0000000003154410 code [0x00000000031545a0, 0x0000000003154f48]
Event: 3.375 Thread 0x0000000019d90000  573       4       sun.util.logging.PlatformLogger$DefaultLoggerProxy::isLoggable (29 bytes)
Event: 3.375 Thread 0x0000000019d90000 nmethod 573 0x0000000003151390 code [0x00000000031514e0, 0x00000000031515d8]
Event: 3.375 Thread 0x0000000019d90000  574       4       sun.util.logging.PlatformLogger::isLoggable (38 bytes)
Event: 3.376 Thread 0x0000000019d90000 nmethod 574 0x0000000003150e50 code [0x0000000003150fa0, 0x00000000031510f8]

GC Heap History (0 events):
No events

Deoptimization events (3 events):
Event: 0.145 Thread 0x0000000002e12800 Uncommon trap: reason=null_check action=make_not_entrant pc=0x000000000308381c method=java.lang.String.equals(Ljava/lang/Object;)Z @ 8
Event: 3.372 Thread 0x000000001ace5800 Uncommon trap: reason=class_check action=maybe_recompile pc=0x0000000003094da8 method=java.lang.String.equals(Ljava/lang/Object;)Z @ 8
Event: 3.372 Thread 0x000000001ace5800 Uncommon trap: reason=class_check action=maybe_recompile pc=0x0000000003094da8 method=java.lang.String.equals(Ljava/lang/Object;)Z @ 8

Internal exceptions (10 events):
Event: 0.022 Thread 0x0000000002e12800 Exception <a 'java/lang/NoSuchMethodError': Method sun.misc.Unsafe.prefetchRead(Ljava/lang/Object;J)V name or signature does not match> (0x00000000d5e07fa8) thrown at [C:\re\workspace\8-2-build-windows-amd64-cygwin\jdk8u101\7261\hotspot\src\share\vm\prims\ûqX9Æe±?
Event: 0.068 Thread 0x0000000002e12800 Exception <a 'java/security/PrivilegedActionException'> (0x00000000d5e849e8) thrown at [C:\re\workspace\8-2-build-windows-amd64-cygwin\jdk8u101\7261\hotspot\src\share\vm\prims\jvm.cpp, line 1386]
Event: 0.068 Thread 0x0000000002e12800 Exception <a 'java/security/PrivilegedActionException'> (0x00000000d5e84bf8) thrown at [C:\re\workspace\8-2-build-windows-amd64-cygwin\jdk8u101\7261\hotspot\src\share\vm\prims\jvm.cpp, line 1386]
Event: 0.068 Thread 0x0000000002e12800 Exception <a 'java/security/PrivilegedActionException'> (0x00000000d5e88680) thrown at [C:\re\workspace\8-2-build-windows-amd64-cygwin\jdk8u101\7261\hotspot\src\share\vm\prims\jvm.cpp, line 1386]
Event: 0.068 Thread 0x0000000002e12800 Exception <a 'java/security/PrivilegedActionException'> (0x00000000d5e88890) thrown at [C:\re\workspace\8-2-build-windows-amd64-cygwin\jdk8u101\7261\hotspot\src\share\vm\prims\jvm.cpp, line 1386]
Event: 0.072 Thread 0x0000000002e12800 Exception <a 'java/io/FileNotFoundException'> (0x00000000d5e8acd8) thrown at [C:\re\workspace\8-2-build-windows-amd64-cygwin\jdk8u101\7261\hotspot\src\share\vm\prims\jni.cpp, line 709]
Event: 0.097 Thread 0x0000000002e12800 Exception <a 'java/lang/NoSuchFieldError': method resolution failed> (0x00000000d5ffeaf0) thrown at [C:\re\workspace\8-2-build-windows-amd64-cygwin\jdk8u101\7261\hotspot\src\share\vm\prims\methodHandles.cpp, line 1146]
Event: 0.098 Thread 0x0000000002e12800 Exception <a 'java/lang/NoSuchFieldError': method resolution failed> (0x00000000d600bec0) thrown at [C:\re\workspace\8-2-build-windows-amd64-cygwin\jdk8u101\7261\hotspot\src\share\vm\prims\methodHandles.cpp, line 1146]
Event: 0.126 Thread 0x0000000002e12800 Exception <a 'java/io/FileNotFoundException'> (0x00000000d60a0998) thrown at [C:\re\workspace\8-2-build-windows-amd64-cygwin\jdk8u101\7261\hotspot\src\share\vm\prims\jni.cpp, line 709]
Event: 0.145 Thread 0x0000000002e12800 Implicit null exception at 0x000000000308365b to 0x000000000308380d

Events (10 events):
Event: 3.371 loading class javax/swing/event/UndoableEditListener
Event: 3.372 loading class javax/swing/event/UndoableEditListener done
Event: 3.372 Thread 0x000000001ace5800 Uncommon trap: trap_request=0xffffffde fr.pc=0x0000000003094da8
Event: 3.372 Thread 0x000000001ace5800 DEOPT PACKING pc=0x0000000003094da8 sp=0x000000001c15ca90
Event: 3.372 Thread 0x000000001ace5800 DEOPT UNPACKING pc=0x0000000002f5582a sp=0x000000001c15ca20 mode 2
Event: 3.372 Thread 0x000000001ace5800 Uncommon trap: trap_request=0xffffffde fr.pc=0x0000000003094da8
Event: 3.372 Thread 0x000000001ace5800 DEOPT PACKING pc=0x0000000003094da8 sp=0x000000001c15ca90
Event: 3.372 Thread 0x000000001ace5800 DEOPT UNPACKING pc=0x0000000002f5582a sp=0x000000001c15ca20 mode 2
Event: 3.372 loading class javax/swing/RepaintManager$3
Event: 3.373 loading class javax/swing/RepaintManager$3 done


Dynamic libraries:
0x00007ff7fc2d0000 - 0x00007ff7fc307000 	D:\Program Files D\Java\jdk\bin\javaw.exe
0x00007ff8fecd0000 - 0x00007ff8feea1000 	C:\WINDOWS\SYSTEM32\ntdll.dll
0x00007ff8fde60000 - 0x00007ff8fdf0b000 	C:\WINDOWS\System32\KERNEL32.DLL
0x00007ff8fc020000 - 0x00007ff8fc23d000 	C:\WINDOWS\System32\KERNELBASE.dll
0x000000006e3e0000 - 0x000000006e48e000 	D:\Program Files D\Bitdefender\Bitdefender 2016\Active Virus Control\Avc3_00388_053\avcuf64.dll
0x00007ff8feb10000 - 0x00007ff8febb2000 	C:\WINDOWS\System32\ADVAPI32.dll
0x00007ff8fddc0000 - 0x00007ff8fde5e000 	C:\WINDOWS\System32\msvcrt.dll
0x00007ff8fe120000 - 0x00007ff8fe179000 	C:\WINDOWS\System32\sechost.dll
0x00007ff8fdf10000 - 0x00007ff8fe031000 	C:\WINDOWS\System32\RPCRT4.dll
0x00007ff8fe9a0000 - 0x00007ff8feb05000 	C:\WINDOWS\System32\USER32.dll
0x00007ff8fc240000 - 0x00007ff8fc25e000 	C:\WINDOWS\System32\win32u.dll
0x00007ff8fe180000 - 0x00007ff8fe1b4000 	C:\WINDOWS\System32\GDI32.dll
0x00007ff8fb1c0000 - 0x00007ff8fb342000 	C:\WINDOWS\System32\gdi32full.dll
0x00007ff8f0cd0000 - 0x00007ff8f0f49000 	C:\WINDOWS\WinSxS\amd64_microsoft.windows.common-controls_6595b64144ccf1df_6.0.14393.447_none_42191651c6827bb3\COMCTL32.dll
0x00007ff8fe220000 - 0x00007ff8fe4e8000 	C:\WINDOWS\System32\combase.dll
0x00007ff8fbdb0000 - 0x00007ff8fbea5000 	C:\WINDOWS\System32\ucrtbase.dll
0x00007ff8fbf60000 - 0x00007ff8fbfca000 	C:\WINDOWS\System32\bcryptPrimitives.dll
0x00007ff8fdbc0000 - 0x00007ff8fdbee000 	C:\WINDOWS\System32\IMM32.DLL
0x000000006d0d0000 - 0x000000006d1a2000 	D:\Program Files D\Java\jdk\bin\msvcr100.dll
0x000000006d1b0000 - 0x000000006da4a000 	D:\Program Files D\Java\jdk\bin\server\jvm.dll
0x00007ff8fe0b0000 - 0x00007ff8fe0b8000 	C:\WINDOWS\System32\PSAPI.DLL
0x00007ff8e7480000 - 0x00007ff8e7489000 	C:\WINDOWS\SYSTEM32\WSOCK32.dll
0x00007ff8fe040000 - 0x00007ff8fe0aa000 	C:\WINDOWS\System32\WS2_32.dll
0x00007ff8f94d0000 - 0x00007ff8f94f3000 	C:\WINDOWS\SYSTEM32\WINMM.dll
0x00007ff8f31e0000 - 0x00007ff8f31ea000 	C:\WINDOWS\SYSTEM32\VERSION.dll
0x00007ff8f94a0000 - 0x00007ff8f94cb000 	C:\WINDOWS\SYSTEM32\WINMMBASE.dll
0x00007ff8fbfd0000 - 0x00007ff8fc012000 	C:\WINDOWS\System32\cfgmgr32.dll
0x000000006e6c0000 - 0x000000006e6cf000 	D:\Program Files D\Java\jdk\bin\verify.dll
0x000000006e690000 - 0x000000006e6b9000 	D:\Program Files D\Java\jdk\bin\java.dll
0x000000006e670000 - 0x000000006e686000 	D:\Program Files D\Java\jdk\bin\zip.dll
0x00007ff8fc260000 - 0x00007ff8fd769000 	C:\WINDOWS\System32\SHELL32.dll
0x00007ff8fb6d0000 - 0x00007ff8fbdaa000 	C:\WINDOWS\System32\windows.storage.dll
0x00007ff8fb150000 - 0x00007ff8fb19c000 	C:\WINDOWS\System32\powrprof.dll
0x00007ff8fdbf0000 - 0x00007ff8fdc42000 	C:\WINDOWS\System32\shlwapi.dll
0x00007ff8fb1b0000 - 0x00007ff8fb1bf000 	C:\WINDOWS\System32\kernel.appcore.dll
0x00007ff8fb3b0000 - 0x00007ff8fb459000 	C:\WINDOWS\System32\shcore.dll
0x00007ff8fb130000 - 0x00007ff8fb144000 	C:\WINDOWS\System32\profapi.dll
0x000000006cf30000 - 0x000000006d0c8000 	D:\Program Files D\Java\jdk\bin\awt.dll
0x00007ff8fe560000 - 0x00007ff8fe61f000 	C:\WINDOWS\System32\OLEAUT32.dll
0x00007ff8fb460000 - 0x00007ff8fb4fc000 	C:\WINDOWS\System32\msvcp_win.dll
0x00007ff8f9170000 - 0x00007ff8f91ea000 	C:\WINDOWS\SYSTEM32\apphelp.dll
0x00007ff8f9250000 - 0x00007ff8f9276000 	C:\WINDOWS\system32\DWMAPI.DLL
0x00007ff8f97c0000 - 0x00007ff8f9855000 	C:\WINDOWS\system32\uxtheme.dll
0x00007ff8fdc50000 - 0x00007ff8fddab000 	C:\WINDOWS\System32\MSCTF.dll
0x00007ff8fe620000 - 0x00007ff8fe757000 	C:\WINDOWS\System32\ole32.dll
0x000000006e320000 - 0x000000006e367000 	D:\Program Files D\Java\jdk\bin\fontmanager.dll
0x00007ff8fe760000 - 0x00007ff8fe7ff000 	C:\WINDOWS\System32\clbcatq.dll
0x00007ff8f7980000 - 0x00007ff8f7b28000 	C:\WINDOWS\SYSTEM32\WindowsCodecs.dll
0x00007ff8e5e60000 - 0x00007ff8e5ea9000 	C:\WINDOWS\system32\dataexchange.dll
0x00007ff8f76c0000 - 0x00007ff8f7976000 	C:\WINDOWS\system32\d3d11.dll
0x00007ff8f8430000 - 0x00007ff8f8581000 	C:\WINDOWS\system32\dcomp.dll
0x00007ff8fa0c0000 - 0x00007ff8fa15f000 	C:\WINDOWS\system32\dxgi.dll
0x00007ff8f9b80000 - 0x00007ff8f9c9c000 	C:\WINDOWS\system32\twinapi.appcore.dll
0x00007ff8fad10000 - 0x00007ff8fad3b000 	C:\WINDOWS\system32\bcrypt.dll
0x000000006e650000 - 0x000000006e66a000 	D:\Program Files D\Java\jdk\bin\net.dll
0x00007ff8faa60000 - 0x00007ff8faabc000 	C:\WINDOWS\system32\mswsock.dll
0x000000006e3c0000 - 0x000000006e3d1000 	D:\Program Files D\Java\jdk\bin\nio.dll
0x000000006e2d0000 - 0x000000006e312000 	D:\Program Files D\Java\jdk\bin\t2k.dll

VM Arguments:
jvm_args: -Dfile.encoding=Cp1252 
java_command: ClasaPrincipala
java_class_path (initial): D:\eclipse 64\1.WORKSPACE\TP_Tema_1_Polinoame\bin
Launcher Type: SUN_STANDARD

Environment Variables:
PATH=D:/Program Files D/Java/jdk/bin/server;D:/Program Files D/Java/jdk/bin;D:/Program Files D/Java/jdk/lib/amd64;D:\app\DanB\product\12.1.0\dbhome_1\bin;D:\Program Files D\SynaptiCAD\bin\win32;C:\ProgramData\Oracle\Java\javapath;C:\Program Files (x86)\Intel\iCLS Client\;C:\Program Files\Intel\iCLS Client\;C:\Windows\system32;C:\Windows;C:\Windows\System32\Wbem;C:\Windows\System32\WindowsPowerShell\v1.0\;C:\Program Files\Intel\Intel(R) Management Engine Components\DAL;C:\Program Files\Intel\Intel(R) Management Engine Components\IPT;C:\Program Files (x86)\Intel\Intel(R) Management Engine Components\DAL;C:\Program Files (x86)\Intel\Intel(R) Management Engine Components\IPT;C:\Program Files (x86)\NVIDIA Corporation\PhysX\Common;D:\Program Files D\Skype\Phone\;D:\Program Files D\ACTIVE HDL\bin;C:\WINDOWS\system32;C:\WINDOWS;C:\WINDOWS\System32\Wbem;C:\WINDOWS\System32\WindowsPowerShell\v1.0\;D:\Program Files D\SynaptiCAD\bin;D:\Program Files D\MathLab\runtime\win64;D:\Program Files D\MathLab\bin;C:\Program Files\Microsoft SQL Server\120\Tools\Binn\;C:\Program Files\Microsoft SQL Server\130\Tools\Binn\;C:\WINDOWS\system32\config\systemprofile\.dnx\bin;C:\Program Files\Microsoft DNX\Dnvm\;C:\Program Files (x86)\Windows Kits\8.1\Windows Performance Toolkit\;C:\Program Files\Git\cmd;C:\Users\DanB\AppData\Local\Microsoft\WindowsApps;;D:\eclipse 64\eclipse;
USERNAME=DanB
OS=Windows_NT
PROCESSOR_IDENTIFIER=Intel64 Family 6 Model 60 Stepping 3, GenuineIntel



---------------  S Y S T E M  ---------------

OS: Windows 10.0 , 64 bit Build 14393 (10.0.14393.0)

CPU:total 8 (4 cores per cpu, 2 threads per core) family 6 model 60 stepping 3, cmov, cx8, fxsr, mmx, sse, sse2, sse3, ssse3, sse4.1, sse4.2, popcnt, avx, avx2, aes, clmul, erms, lzcnt, ht, tsc, tscinvbit, bmi1, bmi2

Memory: 4k page, physical 8274824k(3163800k free), swap 8274824k(5124k free)

vm_info: Java HotSpot(TM) 64-Bit Server VM (25.101-b13) for windows-amd64 JRE (1.8.0_101-b13), built on Jun 22 2016 01:21:29 by "java_re" with MS VC++ 10.0 (VS2010)

time: Wed Mar 08 21:02:11 2017
elapsed time: 3 seconds (0d 0h 0m 3s)

